<?xml version="1.0" encoding="UTF-8"?>
<!-- Generated by org.testng.reporters.JUnitReportReporter -->
<testsuite hostname="DESKTOP-MEIO43S" failures="0" tests="2" name="BuggyCarsDemo.BuggyAutomation" time="11.372" errors="0" timestamp="2023-03-22T18:02:43 NZDT" skipped="0">
  <testcase classname="BuggyCarsDemo.BuggyAutomation" name="Populamake" time="3.406"/>
  <system-out/>
  <testcase classname="BuggyCarsDemo.BuggyAutomation" name="Buggyvote" time="7.966"/>
  <system-out/>
</testsuite> <!-- BuggyCarsDemo.BuggyAutomation -->
